<?xml version="1.0" encoding="UTF-8"?>
<testsuite xmlns:xsi="http://www.w3.org/2001/XMLSchema-instance" xsi:noNamespaceSchemaLocation="https://maven.apache.org/surefire/maven-surefire-plugin/xsd/surefire-test-report.xsd" name="org.example.JwtTest" time="0.212" tests="2" errors="1" skipped="0" failures="0">
  <properties>
    <property name="java.specification.version" value="17"/>
    <property name="sun.cpu.isalist" value="amd64"/>
    <property name="sun.jnu.encoding" value="GBK"/>
    <property name="java.class.path" value="F:\Java\IDEA for JAVA\jdbc\big-event\target\test-classes;F:\Java\IDEA for JAVA\jdbc\big-event\target\classes;F:\Maven\apache-maven-3.9.5\maven_repository\org\springframework\boot\spring-boot-starter-web\2.7.5\spring-boot-starter-web-2.7.5.jar;F:\Maven\apache-maven-3.9.5\maven_repository\org\springframework\boot\spring-boot-starter\2.7.5\spring-boot-starter-2.7.5.jar;F:\Maven\apache-maven-3.9.5\maven_repository\org\springframework\boot\spring-boot\2.7.5\spring-boot-2.7.5.jar;F:\Maven\apache-maven-3.9.5\maven_repository\org\springframework\boot\spring-boot-autoconfigure\2.7.5\spring-boot-autoconfigure-2.7.5.jar;F:\Maven\apache-maven-3.9.5\maven_repository\org\springframework\boot\spring-boot-starter-logging\2.7.5\spring-boot-starter-logging-2.7.5.jar;F:\Maven\apache-maven-3.9.5\maven_repository\ch\qos\logback\logback-classic\1.2.11\logback-classic-1.2.11.jar;F:\Maven\apache-maven-3.9.5\maven_repository\ch\qos\logback\logback-core\1.2.11\logback-core-1.2.11.jar;F:\Maven\apache-maven-3.9.5\maven_repository\org\apache\logging\log4j\log4j-to-slf4j\2.17.2\log4j-to-slf4j-2.17.2.jar;F:\Maven\apache-maven-3.9.5\maven_repository\org\apache\logging\log4j\log4j-api\2.17.2\log4j-api-2.17.2.jar;F:\Maven\apache-maven-3.9.5\maven_repository\org\slf4j\jul-to-slf4j\1.7.36\jul-to-slf4j-1.7.36.jar;F:\Maven\apache-maven-3.9.5\maven_repository\jakarta\annotation\jakarta.annotation-api\1.3.5\jakarta.annotation-api-1.3.5.jar;F:\Maven\apache-maven-3.9.5\maven_repository\org\yaml\snakeyaml\1.30\snakeyaml-1.30.jar;F:\Maven\apache-maven-3.9.5\maven_repository\org\springframework\boot\spring-boot-starter-json\2.7.5\spring-boot-starter-json-2.7.5.jar;F:\Maven\apache-maven-3.9.5\maven_repository\com\fasterxml\jackson\datatype\jackson-datatype-jdk8\2.13.4\jackson-datatype-jdk8-2.13.4.jar;F:\Maven\apache-maven-3.9.5\maven_repository\com\fasterxml\jackson\datatype\jackson-datatype-jsr310\2.13.4\jackson-datatype-jsr310-2.13.4.jar;F:\Maven\apache-maven-3.9.5\maven_repository\com\fasterxml\jackson\module\jackson-module-parameter-names\2.13.4\jackson-module-parameter-names-2.13.4.jar;F:\Maven\apache-maven-3.9.5\maven_repository\org\springframework\boot\spring-boot-starter-tomcat\2.7.5\spring-boot-starter-tomcat-2.7.5.jar;F:\Maven\apache-maven-3.9.5\maven_repository\org\apache\tomcat\embed\tomcat-embed-core\9.0.68\tomcat-embed-core-9.0.68.jar;F:\Maven\apache-maven-3.9.5\maven_repository\org\apache\tomcat\embed\tomcat-embed-websocket\9.0.68\tomcat-embed-websocket-9.0.68.jar;F:\Maven\apache-maven-3.9.5\maven_repository\org\springframework\spring-web\5.3.23\spring-web-5.3.23.jar;F:\Maven\apache-maven-3.9.5\maven_repository\org\springframework\spring-beans\5.3.23\spring-beans-5.3.23.jar;F:\Maven\apache-maven-3.9.5\maven_repository\org\springframework\spring-webmvc\5.3.23\spring-webmvc-5.3.23.jar;F:\Maven\apache-maven-3.9.5\maven_repository\org\springframework\spring-aop\5.3.23\spring-aop-5.3.23.jar;F:\Maven\apache-maven-3.9.5\maven_repository\org\springframework\spring-context\5.3.23\spring-context-5.3.23.jar;F:\Maven\apache-maven-3.9.5\maven_repository\org\springframework\spring-expression\5.3.23\spring-expression-5.3.23.jar;F:\Maven\apache-maven-3.9.5\maven_repository\org\mybatis\spring\boot\mybatis-spring-boot-starter\3.0.0\mybatis-spring-boot-starter-3.0.0.jar;F:\Maven\apache-maven-3.9.5\maven_repository\org\springframework\boot\spring-boot-starter-jdbc\2.7.5\spring-boot-starter-jdbc-2.7.5.jar;F:\Maven\apache-maven-3.9.5\maven_repository\com\zaxxer\HikariCP\4.0.3\HikariCP-4.0.3.jar;F:\Maven\apache-maven-3.9.5\maven_repository\org\springframework\spring-jdbc\5.3.23\spring-jdbc-5.3.23.jar;F:\Maven\apache-maven-3.9.5\maven_repository\org\mybatis\spring\boot\mybatis-spring-boot-autoconfigure\3.0.0\mybatis-spring-boot-autoconfigure-3.0.0.jar;F:\Maven\apache-maven-3.9.5\maven_repository\org\mybatis\mybatis\3.5.11\mybatis-3.5.11.jar;F:\Maven\apache-maven-3.9.5\maven_repository\org\mybatis\mybatis-spring\3.0.0\mybatis-spring-3.0.0.jar;F:\Maven\apache-maven-3.9.5\maven_repository\com\mysql\mysql-connector-j\8.0.31\mysql-connector-j-8.0.31.jar;F:\Maven\apache-maven-3.9.5\maven_repository\org\projectlombok\lombok\1.18.24\lombok-1.18.24.jar;F:\Maven\apache-maven-3.9.5\maven_repository\org\springframework\boot\spring-boot-starter-validation\2.7.5\spring-boot-starter-validation-2.7.5.jar;F:\Maven\apache-maven-3.9.5\maven_repository\org\apache\tomcat\embed\tomcat-embed-el\9.0.68\tomcat-embed-el-9.0.68.jar;F:\Maven\apache-maven-3.9.5\maven_repository\org\hibernate\validator\hibernate-validator\6.2.5.Final\hibernate-validator-6.2.5.Final.jar;F:\Maven\apache-maven-3.9.5\maven_repository\jakarta\validation\jakarta.validation-api\2.0.2\jakarta.validation-api-2.0.2.jar;F:\Maven\apache-maven-3.9.5\maven_repository\org\jboss\logging\jboss-logging\3.4.3.Final\jboss-logging-3.4.3.Final.jar;F:\Maven\apache-maven-3.9.5\maven_repository\com\fasterxml\classmate\1.5.1\classmate-1.5.1.jar;F:\Maven\apache-maven-3.9.5\maven_repository\com\auth0\java-jwt\4.4.0\java-jwt-4.4.0.jar;F:\Maven\apache-maven-3.9.5\maven_repository\com\fasterxml\jackson\core\jackson-databind\2.13.4.2\jackson-databind-2.13.4.2.jar;F:\Maven\apache-maven-3.9.5\maven_repository\com\fasterxml\jackson\core\jackson-annotations\2.13.4\jackson-annotations-2.13.4.jar;F:\Maven\apache-maven-3.9.5\maven_repository\com\fasterxml\jackson\core\jackson-core\2.13.4\jackson-core-2.13.4.jar;F:\Maven\apache-maven-3.9.5\maven_repository\org\springframework\boot\spring-boot-starter-test\2.7.5\spring-boot-starter-test-2.7.5.jar;F:\Maven\apache-maven-3.9.5\maven_repository\org\springframework\boot\spring-boot-test\2.7.5\spring-boot-test-2.7.5.jar;F:\Maven\apache-maven-3.9.5\maven_repository\org\springframework\boot\spring-boot-test-autoconfigure\2.7.5\spring-boot-test-autoconfigure-2.7.5.jar;F:\Maven\apache-maven-3.9.5\maven_repository\com\jayway\jsonpath\json-path\2.7.0\json-path-2.7.0.jar;F:\Maven\apache-maven-3.9.5\maven_repository\net\minidev\json-smart\2.4.8\json-smart-2.4.8.jar;F:\Maven\apache-maven-3.9.5\maven_repository\net\minidev\accessors-smart\2.4.8\accessors-smart-2.4.8.jar;F:\Maven\apache-maven-3.9.5\maven_repository\org\ow2\asm\asm\9.1\asm-9.1.jar;F:\Maven\apache-maven-3.9.5\maven_repository\org\slf4j\slf4j-api\1.7.36\slf4j-api-1.7.36.jar;F:\Maven\apache-maven-3.9.5\maven_repository\jakarta\xml\bind\jakarta.xml.bind-api\2.3.3\jakarta.xml.bind-api-2.3.3.jar;F:\Maven\apache-maven-3.9.5\maven_repository\jakarta\activation\jakarta.activation-api\1.2.2\jakarta.activation-api-1.2.2.jar;F:\Maven\apache-maven-3.9.5\maven_repository\org\assertj\assertj-core\3.22.0\assertj-core-3.22.0.jar;F:\Maven\apache-maven-3.9.5\maven_repository\org\hamcrest\hamcrest\2.2\hamcrest-2.2.jar;F:\Maven\apache-maven-3.9.5\maven_repository\org\junit\jupiter\junit-jupiter\5.8.2\junit-jupiter-5.8.2.jar;F:\Maven\apache-maven-3.9.5\maven_repository\org\junit\jupiter\junit-jupiter-api\5.8.2\junit-jupiter-api-5.8.2.jar;F:\Maven\apache-maven-3.9.5\maven_repository\org\opentest4j\opentest4j\1.2.0\opentest4j-1.2.0.jar;F:\Maven\apache-maven-3.9.5\maven_repository\org\junit\platform\junit-platform-commons\1.8.2\junit-platform-commons-1.8.2.jar;F:\Maven\apache-maven-3.9.5\maven_repository\org\apiguardian\apiguardian-api\1.1.2\apiguardian-api-1.1.2.jar;F:\Maven\apache-maven-3.9.5\maven_repository\org\junit\jupiter\junit-jupiter-params\5.8.2\junit-jupiter-params-5.8.2.jar;F:\Maven\apache-maven-3.9.5\maven_repository\org\junit\jupiter\junit-jupiter-engine\5.8.2\junit-jupiter-engine-5.8.2.jar;F:\Maven\apache-maven-3.9.5\maven_repository\org\junit\platform\junit-platform-engine\1.8.2\junit-platform-engine-1.8.2.jar;F:\Maven\apache-maven-3.9.5\maven_repository\org\mockito\mockito-core\4.5.1\mockito-core-4.5.1.jar;F:\Maven\apache-maven-3.9.5\maven_repository\net\bytebuddy\byte-buddy\1.12.18\byte-buddy-1.12.18.jar;F:\Maven\apache-maven-3.9.5\maven_repository\net\bytebuddy\byte-buddy-agent\1.12.18\byte-buddy-agent-1.12.18.jar;F:\Maven\apache-maven-3.9.5\maven_repository\org\objenesis\objenesis\3.2\objenesis-3.2.jar;F:\Maven\apache-maven-3.9.5\maven_repository\org\mockito\mockito-junit-jupiter\4.5.1\mockito-junit-jupiter-4.5.1.jar;F:\Maven\apache-maven-3.9.5\maven_repository\org\skyscreamer\jsonassert\1.5.1\jsonassert-1.5.1.jar;F:\Maven\apache-maven-3.9.5\maven_repository\com\vaadin\external\google\android-json\0.0.20131108.vaadin1\android-json-0.0.20131108.vaadin1.jar;F:\Maven\apache-maven-3.9.5\maven_repository\org\springframework\spring-core\5.3.23\spring-core-5.3.23.jar;F:\Maven\apache-maven-3.9.5\maven_repository\org\springframework\spring-jcl\5.3.23\spring-jcl-5.3.23.jar;F:\Maven\apache-maven-3.9.5\maven_repository\org\springframework\spring-test\5.3.23\spring-test-5.3.23.jar;F:\Maven\apache-maven-3.9.5\maven_repository\org\xmlunit\xmlunit-core\2.9.0\xmlunit-core-2.9.0.jar;F:\Maven\apache-maven-3.9.5\maven_repository\com\github\pagehelper\pagehelper-spring-boot-starter\1.4.6\pagehelper-spring-boot-starter-1.4.6.jar;F:\Maven\apache-maven-3.9.5\maven_repository\com\github\pagehelper\pagehelper-spring-boot-autoconfigure\1.4.6\pagehelper-spring-boot-autoconfigure-1.4.6.jar;F:\Maven\apache-maven-3.9.5\maven_repository\com\github\pagehelper\pagehelper\5.3.2\pagehelper-5.3.2.jar;F:\Maven\apache-maven-3.9.5\maven_repository\com\github\jsqlparser\jsqlparser\4.5\jsqlparser-4.5.jar;F:\Maven\apache-maven-3.9.5\maven_repository\com\aliyun\oss\aliyun-sdk-oss\3.15.1\aliyun-sdk-oss-3.15.1.jar;F:\Maven\apache-maven-3.9.5\maven_repository\org\apache\httpcomponents\httpclient\4.5.13\httpclient-4.5.13.jar;F:\Maven\apache-maven-3.9.5\maven_repository\org\apache\httpcomponents\httpcore\4.4.15\httpcore-4.4.15.jar;F:\Maven\apache-maven-3.9.5\maven_repository\commons-codec\commons-codec\1.15\commons-codec-1.15.jar;F:\Maven\apache-maven-3.9.5\maven_repository\org\jdom\jdom2\2.0.6.1\jdom2-2.0.6.1.jar;F:\Maven\apache-maven-3.9.5\maven_repository\org\codehaus\jettison\jettison\1.1\jettison-1.1.jar;F:\Maven\apache-maven-3.9.5\maven_repository\stax\stax-api\1.0.1\stax-api-1.0.1.jar;F:\Maven\apache-maven-3.9.5\maven_repository\com\aliyun\aliyun-java-sdk-core\4.5.10\aliyun-java-sdk-core-4.5.10.jar;F:\Maven\apache-maven-3.9.5\maven_repository\com\google\code\gson\gson\2.9.1\gson-2.9.1.jar;F:\Maven\apache-maven-3.9.5\maven_repository\commons-logging\commons-logging\1.2\commons-logging-1.2.jar;F:\Maven\apache-maven-3.9.5\maven_repository\org\jacoco\org.jacoco.agent\0.8.5\org.jacoco.agent-0.8.5-runtime.jar;F:\Maven\apache-maven-3.9.5\maven_repository\org\ini4j\ini4j\0.5.4\ini4j-0.5.4.jar;F:\Maven\apache-maven-3.9.5\maven_repository\io\opentracing\opentracing-api\0.33.0\opentracing-api-0.33.0.jar;F:\Maven\apache-maven-3.9.5\maven_repository\io\opentracing\opentracing-util\0.33.0\opentracing-util-0.33.0.jar;F:\Maven\apache-maven-3.9.5\maven_repository\io\opentracing\opentracing-noop\0.33.0\opentracing-noop-0.33.0.jar;F:\Maven\apache-maven-3.9.5\maven_repository\com\aliyun\aliyun-java-sdk-ram\3.1.0\aliyun-java-sdk-ram-3.1.0.jar;F:\Maven\apache-maven-3.9.5\maven_repository\com\aliyun\aliyun-java-sdk-kms\2.11.0\aliyun-java-sdk-kms-2.11.0.jar;F:\Maven\apache-maven-3.9.5\maven_repository\javax\xml\bind\jaxb-api\2.3.1\jaxb-api-2.3.1.jar;F:\Maven\apache-maven-3.9.5\maven_repository\javax\activation\javax.activation-api\1.2.0\javax.activation-api-1.2.0.jar;F:\Maven\apache-maven-3.9.5\maven_repository\javax\activation\activation\1.1.1\activation-1.1.1.jar;F:\Maven\apache-maven-3.9.5\maven_repository\org\glassfish\jaxb\jaxb-runtime\2.3.3\jaxb-runtime-2.3.3.jar;F:\Maven\apache-maven-3.9.5\maven_repository\org\glassfish\jaxb\txw2\2.3.7\txw2-2.3.7.jar;F:\Maven\apache-maven-3.9.5\maven_repository\com\sun\istack\istack-commons-runtime\3.0.11\istack-commons-runtime-3.0.11.jar;F:\Maven\apache-maven-3.9.5\maven_repository\com\sun\activation\jakarta.activation\1.2.2\jakarta.activation-1.2.2.jar;F:\Maven\apache-maven-3.9.5\maven_repository\org\springframework\boot\spring-boot-starter-data-redis\2.7.5\spring-boot-starter-data-redis-2.7.5.jar;F:\Maven\apache-maven-3.9.5\maven_repository\org\springframework\data\spring-data-redis\2.7.5\spring-data-redis-2.7.5.jar;F:\Maven\apache-maven-3.9.5\maven_repository\org\springframework\data\spring-data-keyvalue\2.7.5\spring-data-keyvalue-2.7.5.jar;F:\Maven\apache-maven-3.9.5\maven_repository\org\springframework\data\spring-data-commons\2.7.5\spring-data-commons-2.7.5.jar;F:\Maven\apache-maven-3.9.5\maven_repository\org\springframework\spring-tx\5.3.23\spring-tx-5.3.23.jar;F:\Maven\apache-maven-3.9.5\maven_repository\org\springframework\spring-oxm\5.3.23\spring-oxm-5.3.23.jar;F:\Maven\apache-maven-3.9.5\maven_repository\org\springframework\spring-context-support\5.3.23\spring-context-support-5.3.23.jar;F:\Maven\apache-maven-3.9.5\maven_repository\io\lettuce\lettuce-core\6.1.10.RELEASE\lettuce-core-6.1.10.RELEASE.jar;F:\Maven\apache-maven-3.9.5\maven_repository\io\netty\netty-common\4.1.84.Final\netty-common-4.1.84.Final.jar;F:\Maven\apache-maven-3.9.5\maven_repository\io\netty\netty-handler\4.1.84.Final\netty-handler-4.1.84.Final.jar;F:\Maven\apache-maven-3.9.5\maven_repository\io\netty\netty-resolver\4.1.84.Final\netty-resolver-4.1.84.Final.jar;F:\Maven\apache-maven-3.9.5\maven_repository\io\netty\netty-buffer\4.1.84.Final\netty-buffer-4.1.84.Final.jar;F:\Maven\apache-maven-3.9.5\maven_repository\io\netty\netty-transport-native-unix-common\4.1.84.Final\netty-transport-native-unix-common-4.1.84.Final.jar;F:\Maven\apache-maven-3.9.5\maven_repository\io\netty\netty-codec\4.1.84.Final\netty-codec-4.1.84.Final.jar;F:\Maven\apache-maven-3.9.5\maven_repository\io\netty\netty-transport\4.1.84.Final\netty-transport-4.1.84.Final.jar;F:\Maven\apache-maven-3.9.5\maven_repository\io\projectreactor\reactor-core\3.4.24\reactor-core-3.4.24.jar;F:\Maven\apache-maven-3.9.5\maven_repository\org\reactivestreams\reactive-streams\1.0.4\reactive-streams-1.0.4.jar;"/>
    <property name="java.vm.vendor" value="Red Hat, Inc."/>
    <property name="sun.arch.data.model" value="64"/>
    <property name="user.variant" value=""/>
    <property name="java.vendor.url" value="https://access.redhat.com/"/>
    <property name="user.timezone" value="Asia/Shanghai"/>
    <property name="os.name" value="Windows 10"/>
    <property name="java.vm.specification.version" value="17"/>
    <property name="sun.java.launcher" value="SUN_STANDARD"/>
    <property name="user.country" value="CN"/>
    <property name="sun.boot.library.path" value="D:\JDK\bin"/>
    <property name="sun.java.command" value="C:\Users\dell\AppData\Local\Temp\surefire9550847713296105904\surefirebooter14379756978207153061.jar C:\Users\dell\AppData\Local\Temp\surefire9550847713296105904 2023-11-20T16-59-05_718-jvmRun1 surefire3949968770192083524tmp surefire_08295524226800322069tmp"/>
    <property name="jdk.debug" value="release"/>
    <property name="surefire.test.class.path" value="F:\Java\IDEA for JAVA\jdbc\big-event\target\test-classes;F:\Java\IDEA for JAVA\jdbc\big-event\target\classes;F:\Maven\apache-maven-3.9.5\maven_repository\org\springframework\boot\spring-boot-starter-web\2.7.5\spring-boot-starter-web-2.7.5.jar;F:\Maven\apache-maven-3.9.5\maven_repository\org\springframework\boot\spring-boot-starter\2.7.5\spring-boot-starter-2.7.5.jar;F:\Maven\apache-maven-3.9.5\maven_repository\org\springframework\boot\spring-boot\2.7.5\spring-boot-2.7.5.jar;F:\Maven\apache-maven-3.9.5\maven_repository\org\springframework\boot\spring-boot-autoconfigure\2.7.5\spring-boot-autoconfigure-2.7.5.jar;F:\Maven\apache-maven-3.9.5\maven_repository\org\springframework\boot\spring-boot-starter-logging\2.7.5\spring-boot-starter-logging-2.7.5.jar;F:\Maven\apache-maven-3.9.5\maven_repository\ch\qos\logback\logback-classic\1.2.11\logback-classic-1.2.11.jar;F:\Maven\apache-maven-3.9.5\maven_repository\ch\qos\logback\logback-core\1.2.11\logback-core-1.2.11.jar;F:\Maven\apache-maven-3.9.5\maven_repository\org\apache\logging\log4j\log4j-to-slf4j\2.17.2\log4j-to-slf4j-2.17.2.jar;F:\Maven\apache-maven-3.9.5\maven_repository\org\apache\logging\log4j\log4j-api\2.17.2\log4j-api-2.17.2.jar;F:\Maven\apache-maven-3.9.5\maven_repository\org\slf4j\jul-to-slf4j\1.7.36\jul-to-slf4j-1.7.36.jar;F:\Maven\apache-maven-3.9.5\maven_repository\jakarta\annotation\jakarta.annotation-api\1.3.5\jakarta.annotation-api-1.3.5.jar;F:\Maven\apache-maven-3.9.5\maven_repository\org\yaml\snakeyaml\1.30\snakeyaml-1.30.jar;F:\Maven\apache-maven-3.9.5\maven_repository\org\springframework\boot\spring-boot-starter-json\2.7.5\spring-boot-starter-json-2.7.5.jar;F:\Maven\apache-maven-3.9.5\maven_repository\com\fasterxml\jackson\datatype\jackson-datatype-jdk8\2.13.4\jackson-datatype-jdk8-2.13.4.jar;F:\Maven\apache-maven-3.9.5\maven_repository\com\fasterxml\jackson\datatype\jackson-datatype-jsr310\2.13.4\jackson-datatype-jsr310-2.13.4.jar;F:\Maven\apache-maven-3.9.5\maven_repository\com\fasterxml\jackson\module\jackson-module-parameter-names\2.13.4\jackson-module-parameter-names-2.13.4.jar;F:\Maven\apache-maven-3.9.5\maven_repository\org\springframework\boot\spring-boot-starter-tomcat\2.7.5\spring-boot-starter-tomcat-2.7.5.jar;F:\Maven\apache-maven-3.9.5\maven_repository\org\apache\tomcat\embed\tomcat-embed-core\9.0.68\tomcat-embed-core-9.0.68.jar;F:\Maven\apache-maven-3.9.5\maven_repository\org\apache\tomcat\embed\tomcat-embed-websocket\9.0.68\tomcat-embed-websocket-9.0.68.jar;F:\Maven\apache-maven-3.9.5\maven_repository\org\springframework\spring-web\5.3.23\spring-web-5.3.23.jar;F:\Maven\apache-maven-3.9.5\maven_repository\org\springframework\spring-beans\5.3.23\spring-beans-5.3.23.jar;F:\Maven\apache-maven-3.9.5\maven_repository\org\springframework\spring-webmvc\5.3.23\spring-webmvc-5.3.23.jar;F:\Maven\apache-maven-3.9.5\maven_repository\org\springframework\spring-aop\5.3.23\spring-aop-5.3.23.jar;F:\Maven\apache-maven-3.9.5\maven_repository\org\springframework\spring-context\5.3.23\spring-context-5.3.23.jar;F:\Maven\apache-maven-3.9.5\maven_repository\org\springframework\spring-expression\5.3.23\spring-expression-5.3.23.jar;F:\Maven\apache-maven-3.9.5\maven_repository\org\mybatis\spring\boot\mybatis-spring-boot-starter\3.0.0\mybatis-spring-boot-starter-3.0.0.jar;F:\Maven\apache-maven-3.9.5\maven_repository\org\springframework\boot\spring-boot-starter-jdbc\2.7.5\spring-boot-starter-jdbc-2.7.5.jar;F:\Maven\apache-maven-3.9.5\maven_repository\com\zaxxer\HikariCP\4.0.3\HikariCP-4.0.3.jar;F:\Maven\apache-maven-3.9.5\maven_repository\org\springframework\spring-jdbc\5.3.23\spring-jdbc-5.3.23.jar;F:\Maven\apache-maven-3.9.5\maven_repository\org\mybatis\spring\boot\mybatis-spring-boot-autoconfigure\3.0.0\mybatis-spring-boot-autoconfigure-3.0.0.jar;F:\Maven\apache-maven-3.9.5\maven_repository\org\mybatis\mybatis\3.5.11\mybatis-3.5.11.jar;F:\Maven\apache-maven-3.9.5\maven_repository\org\mybatis\mybatis-spring\3.0.0\mybatis-spring-3.0.0.jar;F:\Maven\apache-maven-3.9.5\maven_repository\com\mysql\mysql-connector-j\8.0.31\mysql-connector-j-8.0.31.jar;F:\Maven\apache-maven-3.9.5\maven_repository\org\projectlombok\lombok\1.18.24\lombok-1.18.24.jar;F:\Maven\apache-maven-3.9.5\maven_repository\org\springframework\boot\spring-boot-starter-validation\2.7.5\spring-boot-starter-validation-2.7.5.jar;F:\Maven\apache-maven-3.9.5\maven_repository\org\apache\tomcat\embed\tomcat-embed-el\9.0.68\tomcat-embed-el-9.0.68.jar;F:\Maven\apache-maven-3.9.5\maven_repository\org\hibernate\validator\hibernate-validator\6.2.5.Final\hibernate-validator-6.2.5.Final.jar;F:\Maven\apache-maven-3.9.5\maven_repository\jakarta\validation\jakarta.validation-api\2.0.2\jakarta.validation-api-2.0.2.jar;F:\Maven\apache-maven-3.9.5\maven_repository\org\jboss\logging\jboss-logging\3.4.3.Final\jboss-logging-3.4.3.Final.jar;F:\Maven\apache-maven-3.9.5\maven_repository\com\fasterxml\classmate\1.5.1\classmate-1.5.1.jar;F:\Maven\apache-maven-3.9.5\maven_repository\com\auth0\java-jwt\4.4.0\java-jwt-4.4.0.jar;F:\Maven\apache-maven-3.9.5\maven_repository\com\fasterxml\jackson\core\jackson-databind\2.13.4.2\jackson-databind-2.13.4.2.jar;F:\Maven\apache-maven-3.9.5\maven_repository\com\fasterxml\jackson\core\jackson-annotations\2.13.4\jackson-annotations-2.13.4.jar;F:\Maven\apache-maven-3.9.5\maven_repository\com\fasterxml\jackson\core\jackson-core\2.13.4\jackson-core-2.13.4.jar;F:\Maven\apache-maven-3.9.5\maven_repository\org\springframework\boot\spring-boot-starter-test\2.7.5\spring-boot-starter-test-2.7.5.jar;F:\Maven\apache-maven-3.9.5\maven_repository\org\springframework\boot\spring-boot-test\2.7.5\spring-boot-test-2.7.5.jar;F:\Maven\apache-maven-3.9.5\maven_repository\org\springframework\boot\spring-boot-test-autoconfigure\2.7.5\spring-boot-test-autoconfigure-2.7.5.jar;F:\Maven\apache-maven-3.9.5\maven_repository\com\jayway\jsonpath\json-path\2.7.0\json-path-2.7.0.jar;F:\Maven\apache-maven-3.9.5\maven_repository\net\minidev\json-smart\2.4.8\json-smart-2.4.8.jar;F:\Maven\apache-maven-3.9.5\maven_repository\net\minidev\accessors-smart\2.4.8\accessors-smart-2.4.8.jar;F:\Maven\apache-maven-3.9.5\maven_repository\org\ow2\asm\asm\9.1\asm-9.1.jar;F:\Maven\apache-maven-3.9.5\maven_repository\org\slf4j\slf4j-api\1.7.36\slf4j-api-1.7.36.jar;F:\Maven\apache-maven-3.9.5\maven_repository\jakarta\xml\bind\jakarta.xml.bind-api\2.3.3\jakarta.xml.bind-api-2.3.3.jar;F:\Maven\apache-maven-3.9.5\maven_repository\jakarta\activation\jakarta.activation-api\1.2.2\jakarta.activation-api-1.2.2.jar;F:\Maven\apache-maven-3.9.5\maven_repository\org\assertj\assertj-core\3.22.0\assertj-core-3.22.0.jar;F:\Maven\apache-maven-3.9.5\maven_repository\org\hamcrest\hamcrest\2.2\hamcrest-2.2.jar;F:\Maven\apache-maven-3.9.5\maven_repository\org\junit\jupiter\junit-jupiter\5.8.2\junit-jupiter-5.8.2.jar;F:\Maven\apache-maven-3.9.5\maven_repository\org\junit\jupiter\junit-jupiter-api\5.8.2\junit-jupiter-api-5.8.2.jar;F:\Maven\apache-maven-3.9.5\maven_repository\org\opentest4j\opentest4j\1.2.0\opentest4j-1.2.0.jar;F:\Maven\apache-maven-3.9.5\maven_repository\org\junit\platform\junit-platform-commons\1.8.2\junit-platform-commons-1.8.2.jar;F:\Maven\apache-maven-3.9.5\maven_repository\org\apiguardian\apiguardian-api\1.1.2\apiguardian-api-1.1.2.jar;F:\Maven\apache-maven-3.9.5\maven_repository\org\junit\jupiter\junit-jupiter-params\5.8.2\junit-jupiter-params-5.8.2.jar;F:\Maven\apache-maven-3.9.5\maven_repository\org\junit\jupiter\junit-jupiter-engine\5.8.2\junit-jupiter-engine-5.8.2.jar;F:\Maven\apache-maven-3.9.5\maven_repository\org\junit\platform\junit-platform-engine\1.8.2\junit-platform-engine-1.8.2.jar;F:\Maven\apache-maven-3.9.5\maven_repository\org\mockito\mockito-core\4.5.1\mockito-core-4.5.1.jar;F:\Maven\apache-maven-3.9.5\maven_repository\net\bytebuddy\byte-buddy\1.12.18\byte-buddy-1.12.18.jar;F:\Maven\apache-maven-3.9.5\maven_repository\net\bytebuddy\byte-buddy-agent\1.12.18\byte-buddy-agent-1.12.18.jar;F:\Maven\apache-maven-3.9.5\maven_repository\org\objenesis\objenesis\3.2\objenesis-3.2.jar;F:\Maven\apache-maven-3.9.5\maven_repository\org\mockito\mockito-junit-jupiter\4.5.1\mockito-junit-jupiter-4.5.1.jar;F:\Maven\apache-maven-3.9.5\maven_repository\org\skyscreamer\jsonassert\1.5.1\jsonassert-1.5.1.jar;F:\Maven\apache-maven-3.9.5\maven_repository\com\vaadin\external\google\android-json\0.0.20131108.vaadin1\android-json-0.0.20131108.vaadin1.jar;F:\Maven\apache-maven-3.9.5\maven_repository\org\springframework\spring-core\5.3.23\spring-core-5.3.23.jar;F:\Maven\apache-maven-3.9.5\maven_repository\org\springframework\spring-jcl\5.3.23\spring-jcl-5.3.23.jar;F:\Maven\apache-maven-3.9.5\maven_repository\org\springframework\spring-test\5.3.23\spring-test-5.3.23.jar;F:\Maven\apache-maven-3.9.5\maven_repository\org\xmlunit\xmlunit-core\2.9.0\xmlunit-core-2.9.0.jar;F:\Maven\apache-maven-3.9.5\maven_repository\com\github\pagehelper\pagehelper-spring-boot-starter\1.4.6\pagehelper-spring-boot-starter-1.4.6.jar;F:\Maven\apache-maven-3.9.5\maven_repository\com\github\pagehelper\pagehelper-spring-boot-autoconfigure\1.4.6\pagehelper-spring-boot-autoconfigure-1.4.6.jar;F:\Maven\apache-maven-3.9.5\maven_repository\com\github\pagehelper\pagehelper\5.3.2\pagehelper-5.3.2.jar;F:\Maven\apache-maven-3.9.5\maven_repository\com\github\jsqlparser\jsqlparser\4.5\jsqlparser-4.5.jar;F:\Maven\apache-maven-3.9.5\maven_repository\com\aliyun\oss\aliyun-sdk-oss\3.15.1\aliyun-sdk-oss-3.15.1.jar;F:\Maven\apache-maven-3.9.5\maven_repository\org\apache\httpcomponents\httpclient\4.5.13\httpclient-4.5.13.jar;F:\Maven\apache-maven-3.9.5\maven_repository\org\apache\httpcomponents\httpcore\4.4.15\httpcore-4.4.15.jar;F:\Maven\apache-maven-3.9.5\maven_repository\commons-codec\commons-codec\1.15\commons-codec-1.15.jar;F:\Maven\apache-maven-3.9.5\maven_repository\org\jdom\jdom2\2.0.6.1\jdom2-2.0.6.1.jar;F:\Maven\apache-maven-3.9.5\maven_repository\org\codehaus\jettison\jettison\1.1\jettison-1.1.jar;F:\Maven\apache-maven-3.9.5\maven_repository\stax\stax-api\1.0.1\stax-api-1.0.1.jar;F:\Maven\apache-maven-3.9.5\maven_repository\com\aliyun\aliyun-java-sdk-core\4.5.10\aliyun-java-sdk-core-4.5.10.jar;F:\Maven\apache-maven-3.9.5\maven_repository\com\google\code\gson\gson\2.9.1\gson-2.9.1.jar;F:\Maven\apache-maven-3.9.5\maven_repository\commons-logging\commons-logging\1.2\commons-logging-1.2.jar;F:\Maven\apache-maven-3.9.5\maven_repository\org\jacoco\org.jacoco.agent\0.8.5\org.jacoco.agent-0.8.5-runtime.jar;F:\Maven\apache-maven-3.9.5\maven_repository\org\ini4j\ini4j\0.5.4\ini4j-0.5.4.jar;F:\Maven\apache-maven-3.9.5\maven_repository\io\opentracing\opentracing-api\0.33.0\opentracing-api-0.33.0.jar;F:\Maven\apache-maven-3.9.5\maven_repository\io\opentracing\opentracing-util\0.33.0\opentracing-util-0.33.0.jar;F:\Maven\apache-maven-3.9.5\maven_repository\io\opentracing\opentracing-noop\0.33.0\opentracing-noop-0.33.0.jar;F:\Maven\apache-maven-3.9.5\maven_repository\com\aliyun\aliyun-java-sdk-ram\3.1.0\aliyun-java-sdk-ram-3.1.0.jar;F:\Maven\apache-maven-3.9.5\maven_repository\com\aliyun\aliyun-java-sdk-kms\2.11.0\aliyun-java-sdk-kms-2.11.0.jar;F:\Maven\apache-maven-3.9.5\maven_repository\javax\xml\bind\jaxb-api\2.3.1\jaxb-api-2.3.1.jar;F:\Maven\apache-maven-3.9.5\maven_repository\javax\activation\javax.activation-api\1.2.0\javax.activation-api-1.2.0.jar;F:\Maven\apache-maven-3.9.5\maven_repository\javax\activation\activation\1.1.1\activation-1.1.1.jar;F:\Maven\apache-maven-3.9.5\maven_repository\org\glassfish\jaxb\jaxb-runtime\2.3.3\jaxb-runtime-2.3.3.jar;F:\Maven\apache-maven-3.9.5\maven_repository\org\glassfish\jaxb\txw2\2.3.7\txw2-2.3.7.jar;F:\Maven\apache-maven-3.9.5\maven_repository\com\sun\istack\istack-commons-runtime\3.0.11\istack-commons-runtime-3.0.11.jar;F:\Maven\apache-maven-3.9.5\maven_repository\com\sun\activation\jakarta.activation\1.2.2\jakarta.activation-1.2.2.jar;F:\Maven\apache-maven-3.9.5\maven_repository\org\springframework\boot\spring-boot-starter-data-redis\2.7.5\spring-boot-starter-data-redis-2.7.5.jar;F:\Maven\apache-maven-3.9.5\maven_repository\org\springframework\data\spring-data-redis\2.7.5\spring-data-redis-2.7.5.jar;F:\Maven\apache-maven-3.9.5\maven_repository\org\springframework\data\spring-data-keyvalue\2.7.5\spring-data-keyvalue-2.7.5.jar;F:\Maven\apache-maven-3.9.5\maven_repository\org\springframework\data\spring-data-commons\2.7.5\spring-data-commons-2.7.5.jar;F:\Maven\apache-maven-3.9.5\maven_repository\org\springframework\spring-tx\5.3.23\spring-tx-5.3.23.jar;F:\Maven\apache-maven-3.9.5\maven_repository\org\springframework\spring-oxm\5.3.23\spring-oxm-5.3.23.jar;F:\Maven\apache-maven-3.9.5\maven_repository\org\springframework\spring-context-support\5.3.23\spring-context-support-5.3.23.jar;F:\Maven\apache-maven-3.9.5\maven_repository\io\lettuce\lettuce-core\6.1.10.RELEASE\lettuce-core-6.1.10.RELEASE.jar;F:\Maven\apache-maven-3.9.5\maven_repository\io\netty\netty-common\4.1.84.Final\netty-common-4.1.84.Final.jar;F:\Maven\apache-maven-3.9.5\maven_repository\io\netty\netty-handler\4.1.84.Final\netty-handler-4.1.84.Final.jar;F:\Maven\apache-maven-3.9.5\maven_repository\io\netty\netty-resolver\4.1.84.Final\netty-resolver-4.1.84.Final.jar;F:\Maven\apache-maven-3.9.5\maven_repository\io\netty\netty-buffer\4.1.84.Final\netty-buffer-4.1.84.Final.jar;F:\Maven\apache-maven-3.9.5\maven_repository\io\netty\netty-transport-native-unix-common\4.1.84.Final\netty-transport-native-unix-common-4.1.84.Final.jar;F:\Maven\apache-maven-3.9.5\maven_repository\io\netty\netty-codec\4.1.84.Final\netty-codec-4.1.84.Final.jar;F:\Maven\apache-maven-3.9.5\maven_repository\io\netty\netty-transport\4.1.84.Final\netty-transport-4.1.84.Final.jar;F:\Maven\apache-maven-3.9.5\maven_repository\io\projectreactor\reactor-core\3.4.24\reactor-core-3.4.24.jar;F:\Maven\apache-maven-3.9.5\maven_repository\org\reactivestreams\reactive-streams\1.0.4\reactive-streams-1.0.4.jar;"/>
    <property name="sun.cpu.endian" value="little"/>
    <property name="user.home" value="C:\Users\dell"/>
    <property name="user.language" value="zh"/>
    <property name="java.specification.vendor" value="Oracle Corporation"/>
    <property name="java.version.date" value="2021-10-19"/>
    <property name="java.home" value="D:\JDK"/>
    <property name="file.separator" value="\"/>
    <property name="basedir" value="F:\Java\IDEA for JAVA\jdbc\big-event"/>
    <property name="java.vm.compressedOopsMode" value="Zero based"/>
    <property name="line.separator" value="&#10;"/>
    <property name="java.vm.specification.vendor" value="Oracle Corporation"/>
    <property name="java.specification.name" value="Java Platform API Specification"/>
    <property name="surefire.real.class.path" value="C:\Users\dell\AppData\Local\Temp\surefire9550847713296105904\surefirebooter14379756978207153061.jar"/>
    <property name="user.script" value=""/>
    <property name="sun.management.compiler" value="HotSpot 64-Bit Tiered Compilers"/>
    <property name="java.runtime.version" value="17.0.1+12-LTS"/>
    <property name="user.name" value="dell"/>
    <property name="path.separator" value=";"/>
    <property name="os.version" value="10.0"/>
    <property name="java.runtime.name" value="OpenJDK Runtime Environment"/>
    <property name="file.encoding" value="GBK"/>
    <property name="java.vm.name" value="OpenJDK 64-Bit Server VM"/>
    <property name="java.vendor.version" value="21.9"/>
    <property name="localRepository" value="F:\Maven\apache-maven-3.9.5\maven_repository"/>
    <property name="java.vendor.url.bug" value="https://bugzilla.redhat.com/enter_bug.cgi"/>
    <property name="java.io.tmpdir" value="C:\Users\dell\AppData\Local\Temp\"/>
    <property name="idea.version" value="2022.3.2"/>
    <property name="java.version" value="17.0.1"/>
    <property name="user.dir" value="F:\Java\IDEA for JAVA\jdbc\big-event"/>
    <property name="os.arch" value="amd64"/>
    <property name="java.vm.specification.name" value="Java Virtual Machine Specification"/>
    <property name="sun.os.patch.level" value=""/>
    <property name="native.encoding" value="GBK"/>
    <property name="java.library.path" value="D:\JDK\bin;C:\WINDOWS\Sun\Java\bin;C:\WINDOWS\system32;C:\WINDOWS;D:\AN;D:\AN\Library\mingw-w64\bin;D:\AN\Library\usr\bin;D:\AN\Library\bin;D:\AN\Scripts;F:\Linux\bin\;C:\Program Files\Common Files\Oracle\Java\javapath;C:\Windows\system32;C:\Windows;C:\Windows\System32\Wbem;C:\Windows\System32\WindowsPowerShell\v1.0\;C:\Windows\System32\OpenSSH\;C:\Program Files (x86)\NVIDIA Corporation\PhysX\Common;C:\Program Files\NVIDIA Corporation\NVIDIA NvDLISR;C:\WINDOWS\system32;C:\WINDOWS;C:\WINDOWS\System32\Wbem;C:\WINDOWS\System32\WindowsPowerShell\v1.0\;C:\WINDOWS\System32\OpenSSH\;C:\Program Files\dotnet\;F:\bin;D:\JDK\bin;C:\Program Files\Microsoft SQL Server\Client SDK\ODBC\170\Tools\Binn\;C:\Program Files (x86)\Microsoft SQL Server\150\Tools\Binn\;C:\Program Files\Microsoft SQL Server\150\Tools\Binn\;C:\Program Files\Microsoft SQL Server\150\DTS\Binn\;C:\Program Files (x86)\Microsoft SQL Server\150\DTS\Binn\;C:\Program Files\Azure Data Studio\bin;F:\MySql\MySQLDB\mysql-8.0.13-winx64\mysql-8.0.13-winx64\bin;C:\Program Files\Git\cmd;D:\Node\;C:\Program Files\Cloudflare\Cloudflare WARP\;F:\Maven\apache-maven-3.9.5\bin;C:\Users\dell\.console-ninja\.bin;C:\Users\dell\AppData\Local\Microsoft\WindowsApps;F:\Microsoft VS Code\bin;C:\Program Files\Azure Data Studio\bin;F:\PyCharm 2023.1\bin;C:\Users\dell\AppData\Roaming\npm;D:\Node;;."/>
    <property name="java.vm.info" value="mixed mode, sharing"/>
    <property name="java.vendor" value="Red Hat, Inc."/>
    <property name="java.vm.version" value="17.0.1+12-LTS"/>
    <property name="sun.io.unicode.encoding" value="UnicodeLittle"/>
    <property name="maven.repo.local" value="F:\Maven\apache-maven-3.9.5\maven_repository"/>
    <property name="java.class.version" value="61.0"/>
  </properties>
  <testcase name="testGen" classname="org.example.JwtTest" time="0.169"/>
  <testcase name="testParse" classname="org.example.JwtTest" time="0.037">
    <error message="The Token has expired on 2023-11-16T13:46:15Z." type="com.auth0.jwt.exceptions.TokenExpiredException">com.auth0.jwt.exceptions.TokenExpiredException: The Token has expired on 2023-11-16T13:46:15Z.
	at org.example.JwtTest.testParse(JwtTest.java:37)
</error>
  </testcase>
</testsuite>